<?xml version="1.0" encoding="UTF-8"?>
<testng-results ignored="0" total="1" passed="1" failed="0" skipped="0">
  <reporter-output>
  </reporter-output>
  <suite started-at="2024-03-16T11:15:32 IST" name="Default suite" finished-at="2024-03-16T11:15:45 IST" duration-ms="13173">
    <groups>
    </groups>
    <test started-at="2024-03-16T11:15:32 IST" name="Default test" finished-at="2024-03-16T11:15:45 IST" duration-ms="13173">
      <class name="testpackage.NavigateURL">
        <test-method signature="navigatetoURL()[pri:0, instance:testpackage.NavigateURL@4c9f8c13]" started-at="2024-03-16T11:15:32 IST" name="navigatetoURL" finished-at="2024-03-16T11:15:45 IST" duration-ms="13144" status="PASS">
          <reporter-output>
          </reporter-output>
        </test-method> <!-- navigatetoURL -->
      </class> <!-- testpackage.NavigateURL -->
    </test> <!-- Default test -->
  </suite> <!-- Default suite -->
</testng-results>
